tpwr/proguard/seeds.txt
com.google.android.gms.ads.internal.zzc$3$2: void onClick(android.view.View)
com.google.android.gms.ads.internal.zzf$zza: void onClick()
com.google.android.gms.ads.mediation.customevent.CustomEventAdapter
com.google.android.gms.ads.purchase.InAppPurchaseActivity
com.google.android.gms.ads.search.SearchAdView
com.google.android.gms.ads.search.SearchAdView: SearchAdView(android.content.Context,android.util.AttributeSet)
com.google.android.gms.ads.search.SearchAdView: SearchAdView(android.content.Context,android.util.AttributeSet,int)
com.google.android.gms.common.ConnectionResult
com.google.android.gms.common.ConnectionResult: android.os.Parcelable$Creator CREATOR
com.google.android.gms.common.SignInButton
com.google.android.gms.common.SignInButton: SignInButton(android.content.Context,android.util.AttributeSet)
com.google.android.gms.common.SignInButton: SignInButton(android.content.Context,android.util.AttributeSet,int)
com.google.android.gms.common.SignInButton: void onClick(android.view.View)
com.google.android.gms.common.api.Scope
com.google.android.gms.common.api.Scope: android.os.Parcelable$Creator CREATOR
com.google.android.gms.common.api.Status
com.google.android.gms.common.api.Status: android.os.Parcelable$Creator CREATOR
com.google.android.gms.common.api.internal.SupportLifecycleFragmentImpl
com.google.android.gms.common.data.BitmapTeleporter
com.google.android.gms.common.data.BitmapTeleporter: android.os.Parcelable$Creator CREATOR
com.google.android.gms.common.data.DataHolder
com.google.android.gms.common.data.DataHolder: com.google.android.gms.common.data.zze CREATOR
com.google.android.gms.common.images.ImageManager$ImageReceiver
com.google.android.gms.common.images.WebImage
com.google.android.gms.common.images.WebImage: android.os.Parcelable$Creator CREATOR
com.google.android.gms.common.internal.AuthAccountRequest
com.google.android.gms.common.internal.AuthAccountRequest: android.os.Parcelable$Creator CREATOR
com.google.android.gms.common.internal.BinderWrapper
com.google.android.gms.common.internal.BinderWrapper: android.os.Parcelable$Creator CREATOR
com.google.android.gms.common.internal.DowngradeableSafeParcel
com.google.android.gms.common.internal.GetServiceRequest
com.google.android.gms.common.internal.GetServiceRequest: android.os.Parcelable$Creator CREATOR
com.google.android.gms.common.internal.ResolveAccountRequest
com.google.android.gms.common.internal.ResolveAccountRequest: android.os.Parcelable$Creator CREATOR
com.google.android.gms.common.internal.ResolveAccountResponse
com.google.android.gms.common.internal.ResolveAccountResponse: android.os.Parcelable$Creator CREATOR
com.google.android.gms.common.internal.SignInButtonConfig
com.google.android.gms.common.internal.SignInButtonConfig: android.os.Parcelable$Creator CREATOR
com.google.android.gms.common.internal.ValidateAccountRequest
com.google.android.gms.common.internal.ValidateAccountRequest: android.os.Parcelable$Creator CREATOR
com.google.android.gms.common.internal.safeparcel.SafeParcelable
com.google.android.gms.common.internal.safeparcel.SafeParcelable: java.lang.String NULL
com.google.android.gms.common.internal.zzac
com.google.android.gms.common.internal.zzac: zzac(android.content.Context,android.util.AttributeSet)
com.google.android.gms.common.internal.zzh: void onClick(android.content.DialogInterface,int)
com.google.android.gms.common.server.FavaDiagnosticsEntity
com.google.android.gms.common.server.FavaDiagnosticsEntity: com.google.android.gms.common.server.zza CREATOR
com.google.android.gms.common.server.converter.ConverterWrapper
com.google.android.gms.common.server.converter.ConverterWrapper: com.google.android.gms.common.server.converter.zza CREATOR
com.google.android.gms.common.server.converter.StringToIntConverter
com.google.android.gms.common.server.converter.StringToIntConverter: com.google.android.gms.common.server.converter.zzb CREATOR