tpwr/proguard/mapping.txt
com.google.android.gms.internal.zzgc$zza$zza -> com.google.android.gms.b.fN:
    android.os.IBinder zzoz -> a
    void <init>(android.os.IBinder) -> <init>
    android.os.IBinder asBinder() -> asBinder
    java.lang.String getProductId() -> a
    void recordResolution(int) -> a
    void recordPlayBillingResolution(int) -> b
com.google.android.gms.internal.zzgd -> com.google.android.gms.b.fO:
    void zza(com.google.android.gms.internal.zzgc) -> a
com.google.android.gms.internal.zzgd$zza -> com.google.android.gms.b.fP:
    void <init>() -> <init>
    com.google.android.gms.internal.zzgd zzP(android.os.IBinder) -> a
    android.os.IBinder asBinder() -> asBinder
    boolean onTransact(int,android.os.Parcel,android.os.Parcel,int) -> onTransact
com.google.android.gms.internal.zzgd$zza$zza -> com.google.android.gms.b.fQ:
    android.os.IBinder zzoz -> a
    void <init>(android.os.IBinder) -> <init>
    android.os.IBinder asBinder() -> asBinder
    void zza(com.google.android.gms.internal.zzgc) -> a
com.google.android.gms.internal.zzge -> com.google.android.gms.b.fR:
    void onCreate() -> a
    void onDestroy() -> b
    void onActivityResult(int,int,android.content.Intent) -> a
com.google.android.gms.internal.zzge$zza -> com.google.android.gms.b.fS:
    void <init>() -> <init>
    com.google.android.gms.internal.zzge zzQ(android.os.IBinder) -> a
    android.os.IBinder asBinder() -> asBinder
    boolean onTransact(int,android.os.Parcel,android.os.Parcel,int) -> onTransact
com.google.android.gms.internal.zzge$zza$zza -> com.google.android.gms.b.fT:
    android.os.IBinder zzoz -> a
    void <init>(android.os.IBinder) -> <init>
    android.os.IBinder asBinder() -> asBinder
    void onCreate() -> a
    void onDestroy() -> b
    void onActivityResult(int,int,android.content.Intent) -> a
com.google.android.gms.internal.zzgf -> com.google.android.gms.b.fU:
    android.os.IBinder zzf(com.google.android.gms.dynamic.zzd) -> a
com.google.android.gms.internal.zzgf$zza -> com.google.android.gms.b.fV:
    com.google.android.gms.internal.zzgf zzR(android.os.IBinder) -> a
    boolean onTransact(int,android.os.Parcel,android.os.Parcel,int) -> onTransact
com.google.android.gms.internal.zzgf$zza$zza -> com.google.android.gms.b.fW:
    android.os.IBinder zzoz -> a
    void <init>(android.os.IBinder) -> <init>
    android.os.IBinder asBinder() -> asBinder
    android.os.IBinder zzf(com.google.android.gms.dynamic.zzd) -> a
com.google.android.gms.internal.zzgg -> com.google.android.gms.b.fX:
    java.lang.String getProductId() -> b
    android.content.Intent getPurchaseData() -> c
    int getResultCode() -> d
    boolean isVerified() -> a
    void finishPurchase() -> e
com.google.android.gms.internal.zzgg$zza -> com.google.android.gms.b.fY:
    void <init>() -> <init>
    android.os.IBinder asBinder() -> asBinder
    boolean onTransact(int,android.os.Parcel,android.os.Parcel,int) -> onTransact
com.google.android.gms.internal.zzgg$zza$zza -> com.google.android.gms.b.fZ:
    android.os.IBinder zzoz -> a
    void <init>(android.os.IBinder) -> <init>
    android.os.IBinder asBinder() -> asBinder
    java.lang.String getProductId() -> b
    android.content.Intent getPurchaseData() -> c
    int getResultCode() -> d
    boolean isVerified() -> a
    void finishPurchase() -> e
com.google.android.gms.internal.zzgh -> com.google.android.gms.b.ga:
    boolean isValidPurchase(java.lang.String) -> a
    void zza(com.google.android.gms.internal.zzgg) -> a
com.google.android.gms.internal.zzgh$zza -> com.google.android.gms.b.gb:
    void <init>() -> <init>
    com.google.android.gms.internal.zzgh zzT(android.os.IBinder) -> a
    android.os.IBinder asBinder() -> asBinder
    boolean onTransact(int,android.os.Parcel,android.os.Parcel,int) -> onTransact