tpwr/proguard/usage.txt
com.google.android.gms.internal.zzsw
com.google.android.gms.internal.zzsx:
    static int zzmI(int)
    public static int zzmJ(int)
    public static boolean zzb(com.google.android.gms.internal.zzsm,int)
    public static final int zzc(com.google.android.gms.internal.zzsm,int)
com.google.android.gms.internal.zzsy
com.google.android.gms.internal.zzsy$zza
com.google.android.gms.internal.zzsy$zzb
com.google.android.gms.internal.zzsz
com.google.android.gms.internal.zzsz$zza
com.google.android.gms.internal.zzsz$zzb
com.google.android.gms.internal.zzsz$zzc
com.google.android.gms.internal.zzsz$zzd
com.google.android.gms.internal.zzsz$zze
com.hanaone.http.ConnectionHelper:
    public static final int HOST_GOOGLE
    public static final int HOST_DROPBOX
    public static final int HOST_AMAZON
com.hanaone.http.JsonReaderHelper:
    20:20:public JsonReaderHelper()
com.hanaone.tprd.BuildConfig
com.hanaone.tprd.Constants:
    public static final java.lang.String REMOTE_CONFIG_FILE_JSON
    public static final java.lang.String FILE_TYPE_PDF
    public static final java.lang.String FILE_TYPE_TXT
    public static final java.lang.String FILE_TYPE_MP3
    public static final java.lang.String FILE_TYPE_IMG
    public static final java.lang.String LEVEL_ID
    public static final java.lang.String LEVEL_NAME
    public static final java.lang.String LEVEL
    public static final java.lang.String SELECTION_MODE
    public static final java.lang.String SELECTION_MODE_EXAM
    public static final java.lang.String SELECTION_MODE_SAMPLE
    public static final java.lang.String QUESTION_MODE
    public static final java.lang.String QUESTION_MODE_PRACTICE
    public static final java.lang.String QUESTION_MODE_EXAM
    public static final java.lang.String QUESTION_MODE_REVIEW
    public static final java.lang.String QUESTION_MODE_NO_START
    public static final java.lang.String QUESTION_MODE_SAMPLE_BEGINNER
    public static final java.lang.String QUESTION_MODE_SAMPLE_INTERMEDIATE
    public static final java.lang.String QUESTION_MODE_SAMPLE_ADVANCED
    public static final java.lang.String LIST_CHOICES
    public static final java.lang.String LIST_ANSWERS
    public static final java.lang.String LIST_SECTIONS
    public static final java.lang.String RESULT
    public static final java.lang.String LIST_RESULT
com.hanaone.tprd.HelpActivity:
    156:178:private android.content.Intent getShareIntent(java.lang.String,java.lang.String,java.lang.String)
com.hanaone.tprd.MainActivity:
    private static final java.lang.String TAG
com.hanaone.tprd.QuestionSlideFragment:
    private static final java.lang.String ARG_PAGE
    private static final java.lang.String ARG_Listener
com.hanaone.tprd.R
com.hanaone.tprd.R$anim
com.hanaone.tprd.R$array
com.hanaone.tprd.R$attr
com.hanaone.tprd.R$color
com.hanaone.tprd.R$dimen
com.hanaone.tprd.R$drawable
com.hanaone.tprd.R$id
com.hanaone.tprd.R$integer
com.hanaone.tprd.R$layout
com.hanaone.tprd.R$mipmap
com.hanaone.tprd.R$string
com.hanaone.tprd.R$style
com.hanaone.tprd.R$styleable
com.hanaone.tprd.adapter.DatabaseAdapter:
    196:207:public int updateLevelAudio(int,java.lang.String,java.lang.String)